/*C11*/SET SCHEMA PUBLIC
CONNECT USER SA
/*C12*/SET SCHEMA PUBLIC
CONNECT USER SA
/*C13*/SET SCHEMA PUBLIC
CONNECT USER SA
/*C14*/SET SCHEMA PUBLIC
CONNECT USER SA
/*C15*/SET SCHEMA PUBLIC
CONNECT USER SA
/*C16*/SET SCHEMA PUBLIC
CONNECT USER SA
/*C17*/SET SCHEMA PUBLIC
CONNECT USER SA
/*C18*/SET SCHEMA PUBLIC
CONNECT USER SA
/*C19*/SET SCHEMA PUBLIC
CONNECT USER SA
/*C20*/SET SCHEMA PUBLIC
CONNECT USER SA
/*C11*/ALTER TABLE PLANNING_EVENT DROP CONSTRAINT FK_PLANNING_EVENT_COURSE_ID
ALTER TABLE PLANNING_EVENT DROP CONSTRAINT FK_PLANNING_EVENT_ROOM_ID
ALTER TABLE COURSE_REGISTRATION DROP CONSTRAINT FK_COURSE_REGISTRATION_COURSE_ID
/*C13*/ALTER TABLE COURSE_REGISTRATION DROP CONSTRAINT FK_COURSE_REGISTRATION_STUDENT_ID
DROP TABLE STUDENT
/*C11*/DROP TABLE ROOM
/*C13*/DROP TABLE PLANNING_EVENT
DROP TABLE COURSE
/*C11*/DROP TABLE COURSE_REGISTRATION
CREATE TABLE STUDENT (STUDENT_ID BIGINT NOT NULL, FIRST_NAME VARCHAR(255), LAST_NAME VARCHAR(255), PRIMARY KEY (STUDENT_ID))
CREATE TABLE ROOM (ROOM_ID BIGINT NOT NULL, LABEL VARCHAR(255), PRIMARY KEY (ROOM_ID))
CREATE TABLE PLANNING_EVENT (EVENT_ID BIGINT NOT NULL, DATE DATE, HALF_DAY VARCHAR(255), COURSE_ID BIGINT, ROOM_ID BIGINT, PRIMARY KEY (EVENT_ID))
CREATE TABLE COURSE (COURSE_ID BIGINT NOT NULL, LABEL VARCHAR(255), PRIMARY KEY (COURSE_ID))
CREATE TABLE COURSE_REGISTRATION (STUDENT_ID BIGINT NOT NULL, COURSE_ID BIGINT NOT NULL, PRIMARY KEY (STUDENT_ID, COURSE_ID))
ALTER TABLE PLANNING_EVENT ADD CONSTRAINT FK_PLANNING_EVENT_COURSE_ID FOREIGN KEY (COURSE_ID) REFERENCES COURSE (COURSE_ID)
/*C13*/ALTER TABLE PLANNING_EVENT ADD CONSTRAINT FK_PLANNING_EVENT_ROOM_ID FOREIGN KEY (ROOM_ID) REFERENCES ROOM (ROOM_ID)
/*C11*/ALTER TABLE COURSE_REGISTRATION ADD CONSTRAINT FK_COURSE_REGISTRATION_COURSE_ID FOREIGN KEY (COURSE_ID) REFERENCES COURSE (COURSE_ID)
/*C13*/ALTER TABLE COURSE_REGISTRATION ADD CONSTRAINT FK_COURSE_REGISTRATION_STUDENT_ID FOREIGN KEY (STUDENT_ID) REFERENCES STUDENT (STUDENT_ID)
DROP SEQUENCE PLANNING_EVENT_SEQ
CREATE SEQUENCE PLANNING_EVENT_SEQ START WITH 1
/*C11*/DROP SEQUENCE COURSE_SEQ
CREATE SEQUENCE COURSE_SEQ START WITH 1
/*C13*/DROP SEQUENCE STUDENT_SEQ
/*C16*/CREATE SEQUENCE STUDENT_SEQ START WITH 1
DROP SEQUENCE ROOM_SEQ
/*C13*/CREATE SEQUENCE ROOM_SEQ START WITH 1
SET AUTOCOMMIT FALSE
ALTER SEQUENCE COURSE_SEQ RESTART WITH 2
INSERT INTO COURSE VALUES(1,'English')
COMMIT
SET AUTOCOMMIT TRUE
SET AUTOCOMMIT FALSE
ALTER SEQUENCE COURSE_SEQ RESTART WITH 3
INSERT INTO COURSE VALUES(2,'Maths')
COMMIT
SET AUTOCOMMIT TRUE
SET AUTOCOMMIT FALSE
ALTER SEQUENCE COURSE_SEQ RESTART WITH 4
INSERT INTO COURSE VALUES(3,'Computer Science')
COMMIT
SET AUTOCOMMIT TRUE
SET AUTOCOMMIT FALSE
ALTER SEQUENCE STUDENT_SEQ RESTART WITH 2
INSERT INTO STUDENT VALUES(1,'Student1','Dummy1')
INSERT INTO COURSE_REGISTRATION VALUES(1,1)
COMMIT
SET AUTOCOMMIT TRUE
SET AUTOCOMMIT FALSE
ALTER SEQUENCE STUDENT_SEQ RESTART WITH 3
INSERT INTO STUDENT VALUES(2,'Student2','Dummy2')
INSERT INTO COURSE_REGISTRATION VALUES(2,1)
COMMIT
SET AUTOCOMMIT TRUE
SET AUTOCOMMIT FALSE
ALTER SEQUENCE STUDENT_SEQ RESTART WITH 4
INSERT INTO STUDENT VALUES(3,'Student3','Dummy3')
INSERT INTO COURSE_REGISTRATION VALUES(3,2)
COMMIT
SET AUTOCOMMIT TRUE
SET AUTOCOMMIT FALSE
ALTER SEQUENCE STUDENT_SEQ RESTART WITH 5
INSERT INTO STUDENT VALUES(4,'Student4','Dummy4')
INSERT INTO COURSE_REGISTRATION VALUES(4,2)
COMMIT
SET AUTOCOMMIT TRUE
SET AUTOCOMMIT FALSE
ALTER SEQUENCE STUDENT_SEQ RESTART WITH 6
INSERT INTO STUDENT VALUES(5,'Student5','Dummy5')
INSERT INTO COURSE_REGISTRATION VALUES(5,1)
INSERT INTO COURSE_REGISTRATION VALUES(5,2)
COMMIT
SET AUTOCOMMIT TRUE
SET AUTOCOMMIT FALSE
ALTER SEQUENCE STUDENT_SEQ RESTART WITH 7
INSERT INTO STUDENT VALUES(6,'Student6','Dummy6')
INSERT INTO COURSE_REGISTRATION VALUES(6,1)
INSERT INTO COURSE_REGISTRATION VALUES(6,2)
COMMIT
SET AUTOCOMMIT TRUE
SET AUTOCOMMIT FALSE
ALTER SEQUENCE STUDENT_SEQ RESTART WITH 8
INSERT INTO STUDENT VALUES(7,'Student7','Dummy7')
INSERT INTO COURSE_REGISTRATION VALUES(7,1)
INSERT INTO COURSE_REGISTRATION VALUES(7,2)
COMMIT
SET AUTOCOMMIT TRUE
SET AUTOCOMMIT FALSE
ALTER SEQUENCE STUDENT_SEQ RESTART WITH 9
INSERT INTO STUDENT VALUES(8,'Student8','Dummy8')
INSERT INTO COURSE_REGISTRATION VALUES(8,1)
INSERT INTO COURSE_REGISTRATION VALUES(8,2)
COMMIT
SET AUTOCOMMIT TRUE
SET AUTOCOMMIT FALSE
ALTER SEQUENCE STUDENT_SEQ RESTART WITH 10
INSERT INTO STUDENT VALUES(9,'Student9','Dummy9')
INSERT INTO COURSE_REGISTRATION VALUES(9,1)
INSERT INTO COURSE_REGISTRATION VALUES(9,2)
COMMIT
SET AUTOCOMMIT TRUE
SET AUTOCOMMIT FALSE
ALTER SEQUENCE STUDENT_SEQ RESTART WITH 11
INSERT INTO STUDENT VALUES(10,'Student10','Dummy10')
INSERT INTO COURSE_REGISTRATION VALUES(10,1)
INSERT INTO COURSE_REGISTRATION VALUES(10,2)
COMMIT
SET AUTOCOMMIT TRUE
SET AUTOCOMMIT FALSE
ALTER SEQUENCE STUDENT_SEQ RESTART WITH 12
INSERT INTO STUDENT VALUES(11,'Student11','Dummy11')
INSERT INTO COURSE_REGISTRATION VALUES(11,3)
INSERT INTO COURSE_REGISTRATION VALUES(11,1)
INSERT INTO COURSE_REGISTRATION VALUES(11,2)
COMMIT
SET AUTOCOMMIT TRUE
SET AUTOCOMMIT FALSE
ALTER SEQUENCE STUDENT_SEQ RESTART WITH 13
INSERT INTO STUDENT VALUES(12,'Student12','Dummy12')
INSERT INTO COURSE_REGISTRATION VALUES(12,3)
INSERT INTO COURSE_REGISTRATION VALUES(12,1)
INSERT INTO COURSE_REGISTRATION VALUES(12,2)
COMMIT
SET AUTOCOMMIT TRUE
SET AUTOCOMMIT FALSE
ALTER SEQUENCE STUDENT_SEQ RESTART WITH 14
INSERT INTO STUDENT VALUES(13,'Student13','Dummy13')
COMMIT
SET AUTOCOMMIT TRUE
SET AUTOCOMMIT FALSE
ALTER SEQUENCE STUDENT_SEQ RESTART WITH 15
INSERT INTO STUDENT VALUES(14,'Student14','Dummy14')
COMMIT
SET AUTOCOMMIT TRUE
SET AUTOCOMMIT FALSE
ALTER SEQUENCE STUDENT_SEQ RESTART WITH 16
INSERT INTO STUDENT VALUES(15,'Student15','Dummy15')
COMMIT
SET AUTOCOMMIT TRUE
SET AUTOCOMMIT FALSE
ALTER SEQUENCE ROOM_SEQ RESTART WITH 2
INSERT INTO ROOM VALUES(1,'Room 1')
COMMIT
SET AUTOCOMMIT TRUE
SET AUTOCOMMIT FALSE
ALTER SEQUENCE ROOM_SEQ RESTART WITH 3
INSERT INTO ROOM VALUES(2,'Room 2')
COMMIT
SET AUTOCOMMIT TRUE
SET AUTOCOMMIT FALSE
ALTER SEQUENCE ROOM_SEQ RESTART WITH 4
INSERT INTO ROOM VALUES(3,'Room 3')
COMMIT
SET AUTOCOMMIT TRUE
SET AUTOCOMMIT FALSE
ALTER SEQUENCE PLANNING_EVENT_SEQ RESTART WITH 2
INSERT INTO PLANNING_EVENT VALUES(1,'2014-06-01','AM',NULL,NULL)
COMMIT
SET AUTOCOMMIT TRUE
SET AUTOCOMMIT FALSE
ALTER SEQUENCE PLANNING_EVENT_SEQ RESTART WITH 3
INSERT INTO PLANNING_EVENT VALUES(2,'2014-06-01','PM',NULL,NULL)
COMMIT
SET AUTOCOMMIT TRUE
SET AUTOCOMMIT FALSE
ALTER SEQUENCE PLANNING_EVENT_SEQ RESTART WITH 4
INSERT INTO PLANNING_EVENT VALUES(3,'2014-06-01','AM',NULL,NULL)
COMMIT
SET AUTOCOMMIT TRUE
SET AUTOCOMMIT FALSE
ALTER SEQUENCE PLANNING_EVENT_SEQ RESTART WITH 5
INSERT INTO PLANNING_EVENT VALUES(4,'2014-06-01','PM',NULL,NULL)
COMMIT
SET AUTOCOMMIT TRUE
SET AUTOCOMMIT FALSE
ALTER SEQUENCE PLANNING_EVENT_SEQ RESTART WITH 6
INSERT INTO PLANNING_EVENT VALUES(5,'2014-06-02','AM',NULL,NULL)
COMMIT
SET AUTOCOMMIT TRUE
SET AUTOCOMMIT FALSE
ALTER SEQUENCE PLANNING_EVENT_SEQ RESTART WITH 7
INSERT INTO PLANNING_EVENT VALUES(6,'2014-06-02','PM',NULL,NULL)
COMMIT
SET AUTOCOMMIT TRUE
SET AUTOCOMMIT FALSE
ALTER SEQUENCE PLANNING_EVENT_SEQ RESTART WITH 8
INSERT INTO PLANNING_EVENT VALUES(7,'2014-06-02','AM',NULL,NULL)
COMMIT
SET AUTOCOMMIT TRUE
SET AUTOCOMMIT FALSE
ALTER SEQUENCE PLANNING_EVENT_SEQ RESTART WITH 9
INSERT INTO PLANNING_EVENT VALUES(8,'2014-06-02','PM',NULL,NULL)
COMMIT
SET AUTOCOMMIT TRUE
SET AUTOCOMMIT FALSE
ALTER SEQUENCE PLANNING_EVENT_SEQ RESTART WITH 10
INSERT INTO PLANNING_EVENT VALUES(9,'2014-06-03','AM',NULL,NULL)
COMMIT
SET AUTOCOMMIT TRUE
SET AUTOCOMMIT FALSE
ALTER SEQUENCE PLANNING_EVENT_SEQ RESTART WITH 11
INSERT INTO PLANNING_EVENT VALUES(10,'2014-06-03','PM',NULL,NULL)
COMMIT
SET AUTOCOMMIT TRUE
SET AUTOCOMMIT FALSE
ALTER SEQUENCE PLANNING_EVENT_SEQ RESTART WITH 12
INSERT INTO PLANNING_EVENT VALUES(11,'2014-06-03','AM',NULL,NULL)
COMMIT
SET AUTOCOMMIT TRUE
SET AUTOCOMMIT FALSE
