/*C1*/SET SCHEMA PUBLIC
CONNECT USER SA
/*C2*/SET SCHEMA PUBLIC
CONNECT USER SA
/*C3*/SET SCHEMA PUBLIC
CONNECT USER SA
/*C4*/SET SCHEMA PUBLIC
CONNECT USER SA
/*C5*/SET SCHEMA PUBLIC
CONNECT USER SA
/*C6*/SET SCHEMA PUBLIC
CONNECT USER SA
/*C7*/SET SCHEMA PUBLIC
CONNECT USER SA
/*C8*/SET SCHEMA PUBLIC
CONNECT USER SA
/*C9*/SET SCHEMA PUBLIC
CONNECT USER SA
/*C10*/SET SCHEMA PUBLIC
CONNECT USER SA
/*C1*/ALTER TABLE COURSE_TEACHING DROP CONSTRAINT FK_COURSE_TEACHING_COURSE_ID
ALTER TABLE COURSE_TEACHING DROP CONSTRAINT FK_COURSE_TEACHING_TEACHER_ID
/*C3*/ALTER TABLE PLANNING_EVENT DROP CONSTRAINT FK_PLANNING_EVENT_COURSE_ID
/*C1*/ALTER TABLE PLANNING_EVENT DROP CONSTRAINT FK_PLANNING_EVENT_ROOM_ID
/*C2*/ALTER TABLE COURSE_SUBSCRIPTION DROP CONSTRAINT FK_COURSE_SUBSCRIPTION_STUDENT_ID
/*C10*/ALTER TABLE COURSE_SUBSCRIPTION DROP CONSTRAINT FK_COURSE_SUBSCRIPTION_COURSE_ID
/*C9*/ALTER TABLE ROOM DROP CONSTRAINT FK_ROOM_CAMPUS_ID
/*C8*/DROP TABLE COURSE_TEACHING
DROP TABLE TEACHER
/*C10*/DROP TABLE PLANNING_EVENT
/*C8*/DROP TABLE COURSE_SUBSCRIPTION
/*C9*/DROP TABLE STUDENT
/*C8*/DROP TABLE ADMINISTRATOR
/*C10*/DROP TABLE COURSE
/*C2*/DROP TABLE ROOM
/*C10*/DROP TABLE CAMPUS
/*C2*/CREATE TABLE COURSE_TEACHING (COURSE_TEACHING_ID BIGINT NOT NULL, SUBSCRIPTION_DATE TIMESTAMP, COURSE_ID BIGINT, TEACHER_ID BIGINT, PRIMARY KEY (COURSE_TEACHING_ID))
/*C10*/CREATE TABLE TEACHER (TEACHER_ID BIGINT NOT NULL, EMAIL VARCHAR(255), FIRST_NAME VARCHAR(255), LAST_NAME VARCHAR(255), LOGIN VARCHAR(255), PWD VARCHAR(255), SUBSCRIPTION_DATE TIMESTAMP, PRIMARY KEY (TEACHER_ID))
/*C2*/CREATE TABLE PLANNING_EVENT (EVENT_ID BIGINT NOT NULL, END_DATE TIMESTAMP, START_DATE TIMESTAMP, ROOM_ID BIGINT, COURSE_ID BIGINT, PRIMARY KEY (EVENT_ID))
/*C10*/CREATE TABLE COURSE_SUBSCRIPTION (COURSE_SUBSCRIPTION_ID BIGINT NOT NULL, STATUS INTEGER, SUBSCRIPTION_DATE TIMESTAMP, TYPE INTEGER, COURSE_ID BIGINT, STUDENT_ID BIGINT, PRIMARY KEY (COURSE_SUBSCRIPTION_ID))
/*C2*/CREATE TABLE STUDENT (STUDENT_ID BIGINT NOT NULL, EMAIL VARCHAR(255), FIRST_NAME VARCHAR(255), LAST_NAME VARCHAR(255), LOGIN VARCHAR(255), PWD VARCHAR(255), SUBSCRIPTION_DATE TIMESTAMP, PRIMARY KEY (STUDENT_ID))
/*C10*/CREATE TABLE ADMINISTRATOR (ADMINISTRATOR_ID BIGINT NOT NULL, EMAIL VARCHAR(255), FIRST_NAME VARCHAR(255), LAST_NAME VARCHAR(255), LOGIN VARCHAR(255), PWD VARCHAR(255), SUBSCRIPTION_DATE TIMESTAMP, PRIMARY KEY (ADMINISTRATOR_ID))
/*C2*/CREATE TABLE COURSE (COURSE_ID BIGINT NOT NULL, LABEL VARCHAR(255), PRIMARY KEY (COURSE_ID))
/*C10*/CREATE TABLE ROOM (ROOM_ID BIGINT NOT NULL, LABEL VARCHAR(255), CAMPUS_ID BIGINT, PRIMARY KEY (ROOM_ID))
/*C8*/CREATE TABLE CAMPUS (CAMPUS_ID BIGINT NOT NULL, NAME VARCHAR(255), PRIMARY KEY (CAMPUS_ID))
ALTER TABLE COURSE_TEACHING ADD CONSTRAINT FK_COURSE_TEACHING_COURSE_ID FOREIGN KEY (COURSE_ID) REFERENCES COURSE (COURSE_ID)
/*C10*/ALTER TABLE COURSE_TEACHING ADD CONSTRAINT FK_COURSE_TEACHING_TEACHER_ID FOREIGN KEY (TEACHER_ID) REFERENCES TEACHER (TEACHER_ID)
/*C2*/ALTER TABLE PLANNING_EVENT ADD CONSTRAINT FK_PLANNING_EVENT_COURSE_ID FOREIGN KEY (COURSE_ID) REFERENCES COURSE (COURSE_ID)
/*C9*/ALTER TABLE PLANNING_EVENT ADD CONSTRAINT FK_PLANNING_EVENT_ROOM_ID FOREIGN KEY (ROOM_ID) REFERENCES ROOM (ROOM_ID)
/*C2*/ALTER TABLE COURSE_SUBSCRIPTION ADD CONSTRAINT FK_COURSE_SUBSCRIPTION_STUDENT_ID FOREIGN KEY (STUDENT_ID) REFERENCES STUDENT (STUDENT_ID)
/*C10*/ALTER TABLE COURSE_SUBSCRIPTION ADD CONSTRAINT FK_COURSE_SUBSCRIPTION_COURSE_ID FOREIGN KEY (COURSE_ID) REFERENCES COURSE (COURSE_ID)
/*C8*/ALTER TABLE ROOM ADD CONSTRAINT FK_ROOM_CAMPUS_ID FOREIGN KEY (CAMPUS_ID) REFERENCES CAMPUS (CAMPUS_ID)
DROP SEQUENCE COURSE_TEACHING_SEQ
/*C10*/CREATE SEQUENCE COURSE_TEACHING_SEQ START WITH 1
/*C2*/DROP SEQUENCE CAMPUS_SEQ
/*C9*/CREATE SEQUENCE CAMPUS_SEQ START WITH 1
/*C2*/DROP SEQUENCE ROOM_SEQ
/*C8*/CREATE SEQUENCE ROOM_SEQ START WITH 1
/*C1*/DROP SEQUENCE COURSE_SEQ
/*C7*/CREATE SEQUENCE COURSE_SEQ START WITH 1
/*C6*/DROP SEQUENCE STUDENT_SEQ
/*C4*/CREATE SEQUENCE STUDENT_SEQ START WITH 1
/*C11*/SET SCHEMA PUBLIC
CONNECT USER SA
/*C12*/SET SCHEMA PUBLIC
CONNECT USER SA
/*C13*/SET SCHEMA PUBLIC
CONNECT USER SA
DROP SEQUENCE PLANNING_EVENT_SEQ
/*C11*/CREATE SEQUENCE PLANNING_EVENT_SEQ START WITH 1
/*C4*/DROP SEQUENCE COURSE_SUBSCRIPTION_SEQ
/*C6*/CREATE SEQUENCE COURSE_SUBSCRIPTION_SEQ START WITH 1
/*C7*/DROP SEQUENCE ADMINISTRATOR_SEQ
/*C1*/CREATE SEQUENCE ADMINISTRATOR_SEQ START WITH 1
/*C8*/DROP SEQUENCE TEACHER_SEQ
/*C2*/CREATE SEQUENCE TEACHER_SEQ START WITH 1
SET AUTOCOMMIT FALSE
ALTER SEQUENCE STUDENT_SEQ RESTART WITH 2
INSERT INTO STUDENT VALUES(1,'alfred.0@alfred.com','Alfred0','La0Saumure','fredo[0]','5665440','2014-05-31 16:09:11.129000000')
ALTER SEQUENCE STUDENT_SEQ RESTART WITH 3
INSERT INTO STUDENT VALUES(2,'alfred.1@alfred.com','Alfred1','La1Saumure','fredo[1]','5665440','2014-05-31 16:09:11.280000000')
ALTER SEQUENCE STUDENT_SEQ RESTART WITH 4
INSERT INTO STUDENT VALUES(3,'alfred.2@alfred.com','Alfred2','La2Saumure','fredo[2]','5665440','2014-05-31 16:09:11.299000000')
ALTER SEQUENCE STUDENT_SEQ RESTART WITH 5
INSERT INTO STUDENT VALUES(4,'alfred.3@alfred.com','Alfred3','La3Saumure','fredo[3]','5665440','2014-05-31 16:09:11.305000000')
ALTER SEQUENCE STUDENT_SEQ RESTART WITH 6
INSERT INTO STUDENT VALUES(5,'alfred.4@alfred.com','Alfred4','La4Saumure','fredo[4]','5665440','2014-05-31 16:09:11.310000000')
ALTER SEQUENCE STUDENT_SEQ RESTART WITH 7
INSERT INTO STUDENT VALUES(6,'alfred.5@alfred.com','Alfred5','La5Saumure','fredo[5]','5665440','2014-05-31 16:09:11.316000000')
ALTER SEQUENCE STUDENT_SEQ RESTART WITH 8
INSERT INTO STUDENT VALUES(7,'alfred.6@alfred.com','Alfred6','La6Saumure','fredo[6]','5665440','2014-05-31 16:09:11.321000000')
ALTER SEQUENCE STUDENT_SEQ RESTART WITH 9
INSERT INTO STUDENT VALUES(8,'alfred.7@alfred.com','Alfred7','La7Saumure','fredo[7]','5665440','2014-05-31 16:09:11.326000000')
ALTER SEQUENCE STUDENT_SEQ RESTART WITH 10
INSERT INTO STUDENT VALUES(9,'alfred.8@alfred.com','Alfred8','La8Saumure','fredo[8]','5665440','2014-05-31 16:09:11.332000000')
ALTER SEQUENCE STUDENT_SEQ RESTART WITH 11
INSERT INTO STUDENT VALUES(10,'alfred.9@alfred.com','Alfred9','La9Saumure','fredo[9]','5665440','2014-05-31 16:09:11.344000000')
ALTER SEQUENCE STUDENT_SEQ RESTART WITH 12
INSERT INTO STUDENT VALUES(11,'alfred.10@alfred.com','Alfred10','La10Saumure','fredo[10]','5665440','2014-05-31 16:09:11.349000000')
ALTER SEQUENCE STUDENT_SEQ RESTART WITH 13
INSERT INTO STUDENT VALUES(12,'alfred.11@alfred.com','Alfred11','La11Saumure','fredo[11]','5665440','2014-05-31 16:09:11.354000000')
ALTER SEQUENCE STUDENT_SEQ RESTART WITH 14
INSERT INTO STUDENT VALUES(13,'alfred.12@alfred.com','Alfred12','La12Saumure','fredo[12]','5665440','2014-05-31 16:09:11.359000000')
ALTER SEQUENCE STUDENT_SEQ RESTART WITH 15
INSERT INTO STUDENT VALUES(14,'alfred.13@alfred.com','Alfred13','La13Saumure','fredo[13]','5665440','2014-05-31 16:09:11.364000000')
ALTER SEQUENCE STUDENT_SEQ RESTART WITH 16
INSERT INTO STUDENT VALUES(15,'alfred.14@alfred.com','Alfred14','La14Saumure','fredo[14]','5665440','2014-05-31 16:09:11.371000000')
ALTER SEQUENCE STUDENT_SEQ RESTART WITH 17
INSERT INTO STUDENT VALUES(16,'alfred.15@alfred.com','Alfred15','La15Saumure','fredo[15]','5665440','2014-05-31 16:09:11.377000000')
ALTER SEQUENCE STUDENT_SEQ RESTART WITH 18
INSERT INTO STUDENT VALUES(17,'alfred.16@alfred.com','Alfred16','La16Saumure','fredo[16]','5665440','2014-05-31 16:09:11.383000000')
ALTER SEQUENCE STUDENT_SEQ RESTART WITH 19
INSERT INTO STUDENT VALUES(18,'alfred.17@alfred.com','Alfred17','La17Saumure','fredo[17]','5665440','2014-05-31 16:09:11.388000000')
ALTER SEQUENCE STUDENT_SEQ RESTART WITH 20
INSERT INTO STUDENT VALUES(19,'alfred.18@alfred.com','Alfred18','La18Saumure','fredo[18]','5665440','2014-05-31 16:09:11.397000000')
ALTER SEQUENCE STUDENT_SEQ RESTART WITH 21
INSERT INTO STUDENT VALUES(20,'alfred.19@alfred.com','Alfred19','La19Saumure','fredo[19]','5665440','2014-05-31 16:09:11.403000000')
COMMIT
SET AUTOCOMMIT TRUE
SET AUTOCOMMIT FALSE
SET AUTOCOMMIT TRUE
/*C11*/DISCONNECT
/*C13*/DISCONNECT
/*C3*/DISCONNECT
/*C10*/DISCONNECT
/*C7*/DISCONNECT
/*C4*/DISCONNECT
/*C6*/DISCONNECT
/*C2*/DISCONNECT
/*C8*/DISCONNECT
/*C12*/DISCONNECT
/*C1*/DISCONNECT
/*C5*/DISCONNECT
/*C9*/DISCONNECT
